2025-11-06 01:09:09.924 [info] [main] Log level: Info
2025-11-06 01:09:09.924 [info] [main] Validating found git in: "git"
2025-11-06 01:09:09.924 [info] [main] Using git "2.51.0" from "git"
2025-11-06 01:09:09.924 [info] [Model][doInitialScan] Initial repository scan started
2025-11-06 01:09:09.924 [info] [Model][doInitialScan] Initial repository scan completed - repositories (0), closed repositories (0), parent repositories (0), unsafe repositories (0)
2025-11-06 01:11:24.452 [info] > git clone https://github.com/hanusvalenta/dotfiles.git /home/hans/Downloads/dotfiles --progress [609ms]
2025-11-06 01:11:24.452 [info] Cloning into '/home/hans/Downloads/dotfiles'...
remote: Enumerating objects: 3, done.        
remote: Counting objects:  33% (1/3)        remote: Counting objects:  66% (2/3)        remote: Counting objects: 100% (3/3)        remote: Counting objects: 100% (3/3), done.        
remote: Total 3 (delta 0), reused 0 (delta 0), pack-reused 0 (from 0)        
Receiving objects:  33% (1/3)Receiving objects:  66% (2/3)Receiving objects: 100% (3/3)Receiving objects: 100% (3/3), done.
2025-11-06 01:11:29.631 [info] [main] Log level: Info
2025-11-06 01:11:29.631 [info] [main] Validating found git in: "git"
2025-11-06 01:11:29.631 [info] [main] Using git "2.51.0" from "git"
2025-11-06 01:11:29.631 [info] [Model][doInitialScan] Initial repository scan started
2025-11-06 01:11:29.631 [info] > git rev-parse --show-toplevel [17ms]
2025-11-06 01:11:29.638 [info] > git rev-parse --git-dir --git-common-dir [3ms]
2025-11-06 01:11:29.646 [info] [Model][openRepository] Opened repository (path): /home/hans/Downloads/dotfiles
2025-11-06 01:11:29.646 [info] [Model][openRepository] Opened repository (real path): /home/hans/Downloads/dotfiles
2025-11-06 01:11:29.647 [info] [Model][doInitialScan] Initial repository scan completed - repositories (1), closed repositories (0), parent repositories (0), unsafe repositories (0)
2025-11-06 01:11:29.656 [info] > git config --get commit.template [3ms]
2025-11-06 01:11:29.664 [info] > git for-each-ref --format=%(refname)%00%(upstream:short)%00%(objectname)%00%(upstream:track)%00%(upstream:remotename)%00%(upstream:remoteref) refs/heads/main refs/remotes/main [2ms]
2025-11-06 01:11:29.670 [warning] [Git][revParse] Unable to read file: ENOENT: no such file or directory, open '/home/hans/Downloads/dotfiles/.git/refs/remotes/origin/main'
2025-11-06 01:11:29.670 [info] > git rev-parse refs/remotes/origin/main [0ms]
2025-11-06 01:11:29.684 [info] > git status -z -uall [7ms]
2025-11-06 01:11:29.685 [info] > git for-each-ref --sort -committerdate --format %(refname)%00%(objectname)%00%(*objectname) [2ms]
2025-11-06 01:11:29.702 [info] > git for-each-ref --format=%(refname)%00%(upstream:short)%00%(objectname)%00%(upstream:track)%00%(upstream:remotename)%00%(upstream:remoteref) refs/heads/main refs/remotes/main [7ms]
2025-11-06 01:11:29.707 [info] > git config --get --local branch.main.vscode-merge-base [1ms]
2025-11-06 01:11:29.708 [warning] [Git][config] git config failed: Failed to execute git
2025-11-06 01:11:29.712 [info] > git config --get commit.template [11ms]
2025-11-06 01:11:29.717 [info] > git reflog main --grep-reflog=branch: Created from *. [5ms]
2025-11-06 01:11:29.725 [info] > git for-each-ref --format=%(refname)%00%(upstream:short)%00%(objectname)%00%(upstream:track)%00%(upstream:remotename)%00%(upstream:remoteref) refs/heads/main refs/remotes/main [8ms]
2025-11-06 01:11:29.729 [warning] [Git][revParse] Unable to read file: ENOENT: no such file or directory, open '/home/hans/Downloads/dotfiles/.git/refs/remotes/origin/main'
2025-11-06 01:11:29.730 [info] > git symbolic-ref --short refs/remotes/origin/HEAD [9ms]
2025-11-06 01:11:29.739 [info] > git rev-parse refs/remotes/origin/main [10ms]
2025-11-06 01:11:29.749 [info] > git status -z -uall [6ms]
2025-11-06 01:11:29.749 [info] > git for-each-ref --format=%(refname)%00%(upstream:short)%00%(objectname)%00%(upstream:track)%00%(upstream:remotename)%00%(upstream:remoteref) refs/heads/origin/main refs/remotes/origin/main [16ms]
2025-11-06 01:11:29.775 [info] > git config --add --local branch.main.vscode-merge-base origin/main [21ms]
2025-11-06 01:11:29.776 [info] > git for-each-ref --sort -committerdate --format %(refname)%00%(objectname)%00%(*objectname) [29ms] (cancelled)
2025-11-06 01:11:29.785 [info] > git for-each-ref --format=%(refname)%00%(upstream:short)%00%(objectname)%00%(upstream:track)%00%(upstream:remotename)%00%(upstream:remoteref) refs/heads/main refs/remotes/main [5ms]
2025-11-06 01:11:29.790 [info] > git config --get commit.template [5ms]
2025-11-06 01:11:29.790 [info] > git config --get --local branch.main.vscode-merge-base [1ms]
2025-11-06 01:11:29.798 [info] > git for-each-ref --format=%(refname)%00%(upstream:short)%00%(objectname)%00%(upstream:track)%00%(upstream:remotename)%00%(upstream:remoteref) refs/heads/origin/main refs/remotes/origin/main [4ms]
2025-11-06 01:11:29.803 [info] > git for-each-ref --format=%(refname)%00%(upstream:short)%00%(objectname)%00%(upstream:track)%00%(upstream:remotename)%00%(upstream:remoteref) refs/heads/main refs/remotes/main [6ms]
2025-11-06 01:11:29.808 [warning] [Git][revParse] Unable to read file: ENOENT: no such file or directory, open '/home/hans/Downloads/dotfiles/.git/refs/remotes/origin/main'
2025-11-06 01:11:29.808 [info] > git merge-base refs/heads/main refs/remotes/origin/main [6ms]
2025-11-06 01:11:29.813 [info] > git rev-parse refs/remotes/origin/main [5ms]
2025-11-06 01:11:29.821 [info] > git status -z -uall [4ms]
2025-11-06 01:11:29.822 [info] > git diff --name-status -z --diff-filter=ADMR bd51107f0fdbe67ff86c4927fda3e18d2ecae765...refs/remotes/origin/main [9ms]
2025-11-06 01:11:29.822 [info] > git for-each-ref --sort -committerdate --format %(refname)%00%(objectname)%00%(*objectname) [1ms]
2025-11-06 01:11:30.219 [info] > git check-ignore -v -z --stdin [35ms]
2025-11-06 01:11:30.873 [info] > git config --get commit.template [19ms]
2025-11-06 01:11:30.875 [info] > git for-each-ref --format=%(refname)%00%(upstream:short)%00%(objectname)%00%(upstream:track)%00%(upstream:remotename)%00%(upstream:remoteref) refs/heads/main refs/remotes/main [4ms]
2025-11-06 01:11:30.893 [warning] [Git][revParse] Unable to read file: ENOENT: no such file or directory, open '/home/hans/Downloads/dotfiles/.git/refs/remotes/origin/main'
2025-11-06 01:11:30.897 [info] > git rev-parse refs/remotes/origin/main [3ms]
2025-11-06 01:11:30.932 [info] > git status -z -uall [20ms]
2025-11-06 01:11:30.935 [info] > git for-each-ref --sort -committerdate --format %(refname)%00%(objectname)%00%(*objectname) [5ms]
2025-11-06 01:11:55.287 [info] > git check-ignore -v -z --stdin [3ms]
2025-11-06 01:11:55.843 [info] > git config --get commit.template [10ms]
2025-11-06 01:11:55.844 [info] > git for-each-ref --format=%(refname)%00%(upstream:short)%00%(objectname)%00%(upstream:track)%00%(upstream:remotename)%00%(upstream:remoteref) refs/heads/main refs/remotes/main [2ms]
2025-11-06 01:11:55.850 [warning] [Git][revParse] Unable to read file: ENOENT: no such file or directory, open '/home/hans/Downloads/dotfiles/.git/refs/remotes/origin/main'
2025-11-06 01:11:55.851 [info] > git rev-parse refs/remotes/origin/main [1ms]
2025-11-06 01:11:55.864 [info] > git for-each-ref --sort -committerdate --format %(refname)%00%(objectname)%00%(*objectname) [1ms]
2025-11-06 01:11:55.993 [info] > git status -z -uall [135ms] (cancelled)
2025-11-06 01:11:58.056 [info] > git log --format=%H%n%aN%n%aE%n%at%n%ct%n%P%n%D%n%B -z --shortstat --diff-merges=first-parent -n50 --skip=0 --topo-order --decorate=full --stdin [1ms]
2025-11-06 01:11:58.977 [info] > git check-ignore -v -z --stdin [1ms]
2025-11-06 01:12:16.966 [info] > git check-ignore -v -z --stdin [1ms]
2025-11-06 01:12:23.873 [info] > git check-ignore -v -z --stdin [2ms]
2025-11-06 01:12:28.177 [info] > git check-ignore -v -z --stdin [1ms]
2025-11-06 01:12:29.489 [info] > git check-ignore -v -z --stdin [1ms]
2025-11-06 01:12:37.740 [info] > git add -A -- . [24210ms]
2025-11-06 01:12:37.917 [info] > git -c user.useConfigOnly=true commit --quiet --allow-empty-message --file - [171ms]
2025-11-06 01:12:37.917 [info] Author identity unknown

*** Please tell me who you are.

Run

  git config --global user.email "you@example.com"
  git config --global user.name "Your Name"

to set your account's default identity.
Omit --global to set the identity only in this repository.

fatal: no email was given and auto-detection is disabled
2025-11-06 01:12:37.922 [info] > git config --get-all user.name [1ms]
2025-11-06 01:12:37.932 [info] > git config --get commit.template [5ms]
2025-11-06 01:12:37.932 [info] > git for-each-ref --format=%(refname)%00%(upstream:short)%00%(objectname)%00%(upstream:track)%00%(upstream:remotename)%00%(upstream:remoteref) refs/heads/main refs/remotes/main [1ms]
2025-11-06 01:12:37.937 [warning] [Git][revParse] Unable to read file: ENOENT: no such file or directory, open '/home/hans/Downloads/dotfiles/.git/refs/remotes/origin/main'
2025-11-06 01:12:37.938 [info] > git rev-parse refs/remotes/origin/main [1ms]
2025-11-06 01:12:37.949 [info] > git for-each-ref --sort -committerdate --format %(refname)%00%(objectname)%00%(*objectname) [1ms]
2025-11-06 01:12:38.048 [info] > git status -z -uall [106ms] (cancelled)
2025-11-06 01:13:30.630 [info] > git -c user.useConfigOnly=true commit --quiet --allow-empty-message --file - [35ms]
2025-11-06 01:13:30.637 [info] > git config --get commit.template [1ms]
2025-11-06 01:13:30.650 [info] > git config --get commit.template [6ms]
2025-11-06 01:13:30.650 [info] > git for-each-ref --format=%(refname)%00%(upstream:short)%00%(objectname)%00%(upstream:track)%00%(upstream:remotename)%00%(upstream:remoteref) refs/heads/main refs/remotes/main [1ms]
2025-11-06 01:13:30.656 [warning] [Git][revParse] Unable to read file: ENOENT: no such file or directory, open '/home/hans/Downloads/dotfiles/.git/refs/remotes/origin/main'
2025-11-06 01:13:30.657 [info] > git rev-parse refs/remotes/origin/main [1ms]
2025-11-06 01:13:30.672 [info] > git for-each-ref --sort -committerdate --format %(refname)%00%(objectname)%00%(*objectname) [1ms]
2025-11-06 01:13:30.708 [info] > git status -z -uall [45ms]
2025-11-06 01:13:30.741 [info] > git merge-base refs/heads/main refs/remotes/origin/main [8ms]
2025-11-06 01:13:30.749 [info] > git diff --name-status -z --diff-filter=ADMR bd51107f0fdbe67ff86c4927fda3e18d2ecae765...refs/remotes/origin/main [1ms]
2025-11-06 01:13:41.103 [info] > git log --format=%H%n%aN%n%aE%n%at%n%ct%n%P%n%D%n%B -z --shortstat --diff-merges=first-parent -n50 --skip=0 --topo-order --decorate=full --stdin [10141ms]
2025-11-06 01:15:21.478 [info] > git push origin main:main [110737ms]
2025-11-06 01:15:21.479 [info] remote: warning: See https://gh.io/lfs for more information.        
remote: warning: File .config/discord/0.0.113/modules/discord_krisp/discord_krisp.node is 58.82 MB; this is larger than GitHub's recommended maximum file size of 50.00 MB        
remote: warning: File .config/discord/0.0.113/modules/discord_voice/discord_voice.node is 84.55 MB; this is larger than GitHub's recommended maximum file size of 50.00 MB        
remote: warning: GH001: Large files detected. You may want to try Git Large File Storage - https://git-lfs.github.com.        
To https://github.com/hanusvalenta/dotfiles.git
   bd51107..1db601e  main -> main
2025-11-06 01:15:21.502 [info] > git config --get commit.template [2ms]
2025-11-06 01:15:21.516 [info] > git for-each-ref --format=%(refname)%00%(upstream:short)%00%(objectname)%00%(upstream:track)%00%(upstream:remotename)%00%(upstream:remoteref) refs/heads/main refs/remotes/main [3ms]
2025-11-06 01:15:21.541 [info] > git for-each-ref --sort -committerdate --format %(refname)%00%(objectname)%00%(*objectname) [2ms]
2025-11-06 01:15:21.586 [info] > git status -z -uall [61ms]
2025-11-06 01:15:21.597 [info] > git merge-base refs/heads/main refs/remotes/origin/main [2ms]
2025-11-06 01:15:21.610 [info] > git diff --name-status -z --diff-filter=ADMR 1db601ee1cd8d8e9138b2251dfb44d96787aa0ac...refs/remotes/origin/main [7ms]
2025-11-06 01:15:21.637 [info] > git config --get commit.template [6ms]
2025-11-06 01:15:21.639 [info] > git for-each-ref --format=%(refname)%00%(upstream:short)%00%(objectname)%00%(upstream:track)%00%(upstream:remotename)%00%(upstream:remoteref) refs/heads/main refs/remotes/main [2ms]
2025-11-06 01:15:21.656 [info] > git for-each-ref --sort -committerdate --format %(refname)%00%(objectname)%00%(*objectname) [2ms]
2025-11-06 01:15:21.685 [info] > git status -z -uall [39ms]
2025-11-06 01:15:25.877 [info] > git log --format=%H%n%aN%n%aE%n%at%n%ct%n%P%n%D%n%B -z --shortstat --diff-merges=first-parent -n50 --skip=0 --topo-order --decorate=full --stdin [4267ms]
2025-11-06 01:15:59.973 [info] > git fetch [420ms]
2025-11-06 01:16:00.011 [info] > git config --get commit.template [17ms]
2025-11-06 01:16:00.013 [info] > git for-each-ref --format=%(refname)%00%(upstream:short)%00%(objectname)%00%(upstream:track)%00%(upstream:remotename)%00%(upstream:remoteref) refs/heads/main refs/remotes/main [4ms]
2025-11-06 01:16:00.029 [info] > git for-each-ref --sort -committerdate --format %(refname)%00%(objectname)%00%(*objectname) [1ms]
2025-11-06 01:16:00.055 [info] > git status -z -uall [34ms]
2025-11-06 01:16:01.124 [info] > git config --get commit.template [22ms]
2025-11-06 01:16:01.127 [info] > git for-each-ref --format=%(refname)%00%(upstream:short)%00%(objectname)%00%(upstream:track)%00%(upstream:remotename)%00%(upstream:remoteref) refs/heads/main refs/remotes/main [5ms]
2025-11-06 01:16:01.148 [info] > git for-each-ref --sort -committerdate --format %(refname)%00%(objectname)%00%(*objectname) [2ms]
2025-11-06 01:16:01.177 [info] > git status -z -uall [40ms]
