2025-11-06 01:05:27.764 [info] ComputeTargetPlatform: linux-x64
2025-11-06 01:06:11.290 [info] ComputeTargetPlatform: linux-x64
2025-11-06 01:06:29.860 [info] Getting Manifest... pinage404.git-extension-pack
2025-11-06 01:06:30.541 [info] Installing extension: pinage404.git-extension-pack {"isMachineScoped":false,"installPreReleaseVersion":false,"pinned":false,"profileLocation":{"$mid":1,"external":"vscode-userdata:/home/hans/.vscode-oss/extensions/extensions.json","path":"/home/hans/.vscode-oss/extensions/extensions.json","scheme":"vscode-userdata"},"isApplicationScoped":false,"productVersion":{"version":"1.101.24242","date":"2025-06-25T18:28:47.254Z"}}
2025-11-06 01:06:30.816 [info] Getting Manifest... mhutchie.git-graph
2025-11-06 01:06:31.078 [info] Getting Manifest... felipecaputo.git-project-manager
2025-11-06 01:06:31.260 [info] Getting Manifest... eamodio.gitlens
2025-11-06 01:06:31.715 [info] Installing extension: mhutchie.git-graph {"isMachineScoped":false,"installPreReleaseVersion":false,"pinned":false,"profileLocation":{"$mid":1,"external":"vscode-userdata:/home/hans/.vscode-oss/extensions/extensions.json","path":"/home/hans/.vscode-oss/extensions/extensions.json","scheme":"vscode-userdata"},"isApplicationScoped":false,"productVersion":{"version":"1.101.24242","date":"2025-06-25T18:28:47.254Z"},"installGivenVersion":false,"context":{"dependecyOrPackExtensionInstall":true}}
2025-11-06 01:06:31.716 [info] Installing extension: felipecaputo.git-project-manager {"isMachineScoped":false,"installPreReleaseVersion":false,"pinned":false,"profileLocation":{"$mid":1,"external":"vscode-userdata:/home/hans/.vscode-oss/extensions/extensions.json","path":"/home/hans/.vscode-oss/extensions/extensions.json","scheme":"vscode-userdata"},"isApplicationScoped":false,"productVersion":{"version":"1.101.24242","date":"2025-06-25T18:28:47.254Z"},"installGivenVersion":false,"context":{"dependecyOrPackExtensionInstall":true}}
2025-11-06 01:06:31.716 [info] Installing extension: eamodio.gitlens {"isMachineScoped":false,"installPreReleaseVersion":false,"pinned":false,"profileLocation":{"$mid":1,"external":"vscode-userdata:/home/hans/.vscode-oss/extensions/extensions.json","path":"/home/hans/.vscode-oss/extensions/extensions.json","scheme":"vscode-userdata"},"isApplicationScoped":false,"productVersion":{"version":"1.101.24242","date":"2025-06-25T18:28:47.254Z"},"installGivenVersion":false,"context":{"dependecyOrPackExtensionInstall":true}}
2025-11-06 01:06:32.063 [info] Extracted extension to file:///home/hans/.vscode-oss/extensions/mhutchie.git-graph-1.30.0-universal: mhutchie.git-graph
2025-11-06 01:06:32.067 [info] Extracted extension to file:///home/hans/.vscode-oss/extensions/pinage404.git-extension-pack-2.0.0-universal: pinage404.git-extension-pack
2025-11-06 01:06:32.070 [info] Renamed to /home/hans/.vscode-oss/extensions/mhutchie.git-graph-1.30.0-universal
2025-11-06 01:06:32.073 [info] Renamed to /home/hans/.vscode-oss/extensions/pinage404.git-extension-pack-2.0.0-universal
2025-11-06 01:06:32.356 [info] Extracted extension to file:///home/hans/.vscode-oss/extensions/felipecaputo.git-project-manager-1.8.2-universal: felipecaputo.git-project-manager
2025-11-06 01:06:32.362 [info] Renamed to /home/hans/.vscode-oss/extensions/felipecaputo.git-project-manager-1.8.2-universal
2025-11-06 01:06:32.692 [info] Extracted extension to file:///home/hans/.vscode-oss/extensions/eamodio.gitlens-17.6.2-universal: eamodio.gitlens
2025-11-06 01:06:32.719 [info] Renamed to /home/hans/.vscode-oss/extensions/eamodio.gitlens-17.6.2-universal
2025-11-06 01:06:32.744 [info] Extension installed successfully: mhutchie.git-graph vscode-userdata:/home/hans/.vscode-oss/extensions/extensions.json
2025-11-06 01:06:32.744 [info] Extension installed successfully: pinage404.git-extension-pack vscode-userdata:/home/hans/.vscode-oss/extensions/extensions.json
2025-11-06 01:06:32.744 [info] Extension installed successfully: felipecaputo.git-project-manager vscode-userdata:/home/hans/.vscode-oss/extensions/extensions.json
2025-11-06 01:06:32.744 [info] Extension installed successfully: eamodio.gitlens vscode-userdata:/home/hans/.vscode-oss/extensions/extensions.json
