2025-11-06 09:38:05.255 [info] Reading sessions from keychain...
2025-11-06 09:38:05.255 [info] Getting sessions for all scopes...
2025-11-06 09:38:05.255 [info] Getting sessions for all scopes...
2025-11-06 09:38:05.255 [info] Getting sessions for all scopes...
2025-11-06 09:38:05.255 [info] Got stored sessions!
2025-11-06 09:38:05.255 [info] Got 1 verified sessions.
2025-11-06 09:38:05.255 [info] Got 1 sessions for ...
2025-11-06 09:38:05.255 [info] Got 1 sessions for ...
2025-11-06 09:38:05.255 [info] Got 1 sessions for ...
2025-11-06 09:38:05.255 [info] Getting sessions for read:user,repo,user:email...
2025-11-06 09:38:05.255 [info] Got 0 sessions for read:user,repo,user:email...
2025-11-06 09:38:05.274 [info] Getting sessions for read:user,repo,user:email...
2025-11-06 09:38:05.274 [info] Got 0 sessions for read:user,repo,user:email...
2025-11-06 09:38:05.318 [info] Getting sessions for read:user,repo,user:email,workflow...
2025-11-06 09:38:05.318 [info] Got 1 sessions for read:user,repo,user:email,workflow...
2025-11-06 09:38:06.112 [info] Getting sessions for all scopes...
2025-11-06 09:38:06.112 [info] Got 1 sessions for ...
2025-11-06 09:38:18.533 [info] Reading sessions from keychain...
2025-11-06 09:38:18.533 [info] Getting sessions for all scopes...
2025-11-06 09:38:18.533 [info] Getting sessions for all scopes...
2025-11-06 09:38:18.533 [info] Getting sessions for all scopes...
2025-11-06 09:38:18.533 [info] Got stored sessions!
2025-11-06 09:38:18.533 [info] Got 1 verified sessions.
2025-11-06 09:38:18.533 [info] Got 1 sessions for ...
2025-11-06 09:38:18.533 [info] Got 1 sessions for ...
2025-11-06 09:38:18.533 [info] Got 1 sessions for ...
2025-11-06 09:38:18.534 [info] Getting sessions for read:user,repo,user:email...
2025-11-06 09:38:18.534 [info] Got 0 sessions for read:user,repo,user:email...
2025-11-06 09:38:19.731 [info] Getting sessions for all scopes...
2025-11-06 09:38:19.731 [info] Got 1 sessions for ...
2025-11-06 09:38:20.220 [info] Getting sessions for read:user,repo,user:email,workflow...
2025-11-06 09:38:20.220 [info] Got 1 sessions for read:user,repo,user:email,workflow...
2025-11-06 09:42:55.618 [info] Reading sessions from keychain...
2025-11-06 09:42:55.618 [info] Getting sessions for all scopes...
2025-11-06 09:42:55.618 [info] Got stored sessions!
2025-11-06 09:42:55.618 [info] Got 1 verified sessions.
2025-11-06 09:42:55.618 [info] Got 1 sessions for ...
2025-11-06 09:42:55.618 [info] Getting sessions for read:user,repo,user:email...
2025-11-06 09:42:55.618 [info] Got 0 sessions for read:user,repo,user:email...
2025-11-06 09:43:06.340 [info] Getting sessions for all scopes...
2025-11-06 09:43:06.340 [info] Got 1 sessions for ...
2025-11-06 09:43:06.796 [info] Getting sessions for all scopes...
2025-11-06 09:43:06.796 [info] Got 1 sessions for ...
2025-11-06 09:43:14.067 [info] Getting sessions for read:user,repo,user:email...
2025-11-06 09:43:14.067 [info] Got 0 sessions for read:user,repo,user:email...
2025-11-06 09:43:14.641 [info] Getting sessions for read:user,repo,user:email,workflow...
2025-11-06 09:43:14.641 [info] Got 1 sessions for read:user,repo,user:email,workflow...
2025-11-06 09:48:31.140 [info] Getting sessions for read:user,repo,user:email...
2025-11-06 09:48:31.140 [info] Got 0 sessions for read:user,repo,user:email...
2025-11-06 09:59:54.736 [info] Getting sessions for read:user,repo,user:email,workflow...
2025-11-06 09:59:54.736 [info] Got 1 sessions for read:user,repo,user:email,workflow...
2025-11-06 09:59:56.124 [info] Getting sessions for read:user,repo,user:email...
2025-11-06 09:59:56.124 [info] Got 0 sessions for read:user,repo,user:email...
