2025-11-06 10:22:20.102 [info] [main] Log level: Info
2025-11-06 10:22:20.102 [info] [main] Validating found git in: "git"
2025-11-06 10:22:20.102 [info] [main] Using git "2.51.0" from "git"
2025-11-06 10:22:20.102 [info] [Model][doInitialScan] Initial repository scan started
2025-11-06 10:22:20.102 [info] > git rev-parse --show-toplevel [1ms]
2025-11-06 10:22:20.102 [info] > git rev-parse --git-dir --git-common-dir [2ms]
2025-11-06 10:22:20.102 [info] [Model][openRepository] Opened repository (path): /home/hans/Documents/School
2025-11-06 10:22:20.102 [info] [Model][openRepository] Opened repository (real path): /home/hans/Documents/School
2025-11-06 10:22:20.102 [info] > git rev-parse --show-toplevel [79ms]
2025-11-06 10:22:20.102 [info] > git config --get commit.template [85ms]
2025-11-06 10:22:20.102 [info] > git for-each-ref --format=%(refname)%00%(upstream:short)%00%(objectname)%00%(upstream:track)%00%(upstream:remotename)%00%(upstream:remoteref) refs/heads/main refs/remotes/main [7ms]
2025-11-06 10:22:20.213 [info] > git status -z -uall [116ms]
2025-11-06 10:22:20.216 [info] > git for-each-ref --sort -committerdate --format %(refname)%00%(objectname)%00%(*objectname) [114ms]
2025-11-06 10:22:20.674 [info] > git for-each-ref --format=%(refname)%00%(upstream:short)%00%(objectname)%00%(upstream:track)%00%(upstream:remotename)%00%(upstream:remoteref) refs/heads/main refs/remotes/main [382ms]
2025-11-06 10:22:21.024 [info] > git check-ignore -v -z --stdin [308ms]
2025-11-06 10:22:21.034 [info] > git config --get --local branch.main.vscode-merge-base [340ms]
2025-11-06 10:22:21.039 [info] > git config --get commit.template [365ms]
2025-11-06 10:22:21.039 [info] > git rev-parse --show-toplevel [371ms]
2025-11-06 10:22:21.039 [info] > git fetch [1111ms]
2025-11-06 10:22:21.271 [info] > git for-each-ref --format=%(refname)%00%(upstream:short)%00%(objectname)%00%(upstream:track)%00%(upstream:remotename)%00%(upstream:remoteref) refs/heads/origin/main refs/remotes/origin/main [233ms]
2025-11-06 10:22:21.395 [info] > git merge-base refs/heads/main refs/remotes/origin/main [119ms]
2025-11-06 10:22:21.399 [info] > git config --get commit.template [136ms]
2025-11-06 10:22:21.400 [info] > git rev-parse --show-toplevel [141ms]
2025-11-06 10:22:21.428 [info] > git diff --name-status -z --diff-filter=ADMR 2c65a93dc072068982480a441e30c2b0b828b407...refs/remotes/origin/main [29ms]
2025-11-06 10:22:21.428 [info] > git for-each-ref --format=%(refname)%00%(upstream:short)%00%(objectname)%00%(upstream:track)%00%(upstream:remotename)%00%(upstream:remoteref) refs/heads/main refs/remotes/main [35ms]
2025-11-06 10:22:21.436 [info] > git rev-parse --show-toplevel [9ms]
2025-11-06 10:22:21.454 [info] > git for-each-ref --format=%(refname)%00%(upstream:short)%00%(objectname)%00%(upstream:track)%00%(upstream:remotename)%00%(upstream:remoteref) refs/heads/main refs/remotes/main [19ms]
2025-11-06 10:22:21.463 [info] > git rev-parse --show-toplevel [10ms]
2025-11-06 10:22:21.473 [info] > git rev-parse --show-toplevel [3ms]
2025-11-06 10:22:21.503 [info] > git status -z -uall [26ms]
2025-11-06 10:22:21.506 [info] > git for-each-ref --sort -committerdate --format %(refname)%00%(objectname)%00%(*objectname) [25ms]
2025-11-06 10:22:21.518 [info] > git rev-parse --show-toplevel [23ms]
2025-11-06 10:22:21.556 [info] > git rev-parse --show-toplevel [19ms]
2025-11-06 10:22:21.602 [info] > git rev-parse --show-toplevel [24ms]
2025-11-06 10:22:21.611 [info] > git rev-parse --show-toplevel [5ms]
2025-11-06 10:22:21.646 [info] > git rev-parse --show-toplevel [1ms]
2025-11-06 10:22:21.660 [info] > git rev-parse --show-toplevel [3ms]
2025-11-06 10:22:21.660 [info] [Model][doInitialScan] Initial repository scan completed - repositories (1), closed repositories (0), parent repositories (0), unsafe repositories (0)
2025-11-06 10:22:21.669 [info] > git show --textconv :Files/Ekonomika/Hypoteka.md [5ms]
2025-11-06 10:22:21.670 [info] > git ls-files --stage -- Files/Ekonomika/Hypoteka.md [2ms]
2025-11-06 10:22:21.682 [info] > git cat-file -s 2e45f3616120d6b9281d4da10690db415cdf5784 [8ms]
2025-11-06 10:22:21.791 [info] > git blame --root --incremental 2c65a93dc072068982480a441e30c2b0b828b407 -- Files/Ekonomika/Hypoteka.md [8ms]
2025-11-06 10:22:22.416 [info] > git ls-files --stage -- Files/Ekonomika/Hypoteka.md [2ms]
2025-11-06 10:22:22.427 [info] > git cat-file -s 2e45f3616120d6b9281d4da10690db415cdf5784 [2ms]
2025-11-06 10:22:22.441 [info] > git show --textconv :Files/Ekonomika/Hypoteka.md [7ms]
2025-11-06 10:22:23.189 [info] > git check-ignore -v -z --stdin [1ms]
2025-11-06 10:22:28.884 [info] > git check-ignore -v -z --stdin [1ms]
2025-11-06 10:22:29.744 [info] > git show --textconv :Presentations/MarketingProdukt/StagePoint.md [27ms]
2025-11-06 10:22:29.748 [info] > git ls-files --stage -- Presentations/MarketingProdukt/StagePoint.md [7ms]
2025-11-06 10:22:29.777 [info] > git cat-file -s fc82378f261e079604d97fe7c2d153e49ebb7f67 [9ms]
2025-11-06 10:22:42.064 [info] > git blame --root --incremental 2c65a93dc072068982480a441e30c2b0b828b407 -- Presentations/MarketingProdukt/StagePoint.md [8ms]
