2025-11-06 09:38:03.958 [info] Extension host with pid 3769 started
2025-11-06 09:38:03.958 [info] Skipping acquiring lock for /home/hans/.config/VSCodium/User/workspaceStorage/c5106dfcf9c695183ec82ed9d4502aaf.
2025-11-06 09:38:04.064 [info] ExtensionService#_doActivateExtension vscode.emmet, startup: false, activationEvent: 'onLanguage'
2025-11-06 09:38:04.117 [info] ExtensionService#_doActivateExtension vscode.git-base, startup: true, activationEvent: '*', root cause: vscode.git
2025-11-06 09:38:04.120 [info] ExtensionService#_doActivateExtension mhutchie.git-graph, startup: true, activationEvent: '*'
2025-11-06 09:38:04.172 [info] ExtensionService#_doActivateExtension vscode.git, startup: true, activationEvent: '*'
2025-11-06 09:38:04.223 [info] ExtensionService#_doActivateExtension vscode.github, startup: true, activationEvent: '*'
2025-11-06 09:38:04.324 [info] Eager extensions activated
2025-11-06 09:38:04.325 [info] ExtensionService#_doActivateExtension vscode.configuration-editing, startup: false, activationEvent: 'onLanguage:jsonc'
2025-11-06 09:38:04.333 [info] ExtensionService#_doActivateExtension vscode.json-language-features, startup: false, activationEvent: 'onLanguage:jsonc'
2025-11-06 09:38:04.386 [info] ExtensionService#_doActivateExtension vscode.typescript-language-features, startup: false, activationEvent: 'onLanguage:jsonc'
2025-11-06 09:38:04.448 [info] ExtensionService#_doActivateExtension vscode.debug-auto-launch, startup: false, activationEvent: 'onStartupFinished'
2025-11-06 09:38:04.452 [info] ExtensionService#_doActivateExtension vscode.merge-conflict, startup: false, activationEvent: 'onStartupFinished'
2025-11-06 09:38:04.519 [info] ExtensionService#_doActivateExtension eamodio.gitlens, startup: false, activationEvent: 'onStartupFinished'
2025-11-06 09:38:04.718 [info] ExtensionService#_doActivateExtension felipecaputo.git-project-manager, startup: false, activationEvent: 'onStartupFinished'
2025-11-06 09:38:05.087 [info] ExtensionService#_doActivateExtension vscode.github-authentication, startup: false, activationEvent: 'onAuthenticationRequest:github'
2025-11-06 09:38:16.882 [info] Extension host terminating: renderer closed the MessagePort
2025-11-06 09:38:16.893 [error] An error occurred when disposing the subscriptions for extension 'eamodio.gitlens':
2025-11-06 09:38:16.896 [error] TypeError: Cannot read properties of undefined (reading 'dispose')
	at Object.dispose (file:///usr/share/codium/resources/app/out/vs/workbench/api/node/extensionHostProcess.js:147:132281)
	at I_.<anonymous> (file:///usr/share/codium/resources/app/out/vs/workbench/api/node/extensionHostProcess.js:115:9945)
	at I_.dispose (file:///usr/share/codium/resources/app/out/vs/workbench/api/node/extensionHostProcess.js:115:10041)
	at Object.dispose (/home/hans/.vscode-oss/extensions/eamodio.gitlens-17.6.2-universal/dist/gitlens.js:2115:29269)
	at /home/hans/.vscode-oss/extensions/eamodio.gitlens-17.6.2-universal/dist/gitlens.js:2394:17196
	at Array.forEach (<anonymous>)
	at Object.dispose (/home/hans/.vscode-oss/extensions/eamodio.gitlens-17.6.2-universal/dist/gitlens.js:2394:17178)
	at Ei (file:///usr/share/codium/resources/app/out/vs/workbench/api/node/extensionHostProcess.js:25:746)
	at file:///usr/share/codium/resources/app/out/vs/workbench/api/node/extensionHostProcess.js:124:18462
	at file:///usr/share/codium/resources/app/out/vs/workbench/api/node/extensionHostProcess.js:25:1056
	at Object.dispose (file:///usr/share/codium/resources/app/out/vs/workbench/api/node/extensionHostProcess.js:8:705)
	at yJ._deactivate (file:///usr/share/codium/resources/app/out/vs/workbench/api/node/extensionHostProcess.js:124:14727)
	at file:///usr/share/codium/resources/app/out/vs/workbench/api/node/extensionHostProcess.js:124:12013
	at Array.map (<anonymous>)
	at yJ._deactivateAll (file:///usr/share/codium/resources/app/out/vs/workbench/api/node/extensionHostProcess.js:124:12001)
	at yJ.terminate (file:///usr/share/codium/resources/app/out/vs/workbench/api/node/extensionHostProcess.js:124:12354)
	at B9.terminate (file:///usr/share/codium/resources/app/out/vs/workbench/api/node/extensionHostProcess.js:126:1082)
	at ms (file:///usr/share/codium/resources/app/out/vs/workbench/api/node/extensionHostProcess.js:361:5320)
	at MessagePortMain.<anonymous> (file:///usr/share/codium/resources/app/out/vs/workbench/api/node/extensionHostProcess.js:361:1775)
	at MessagePortMain.emit (node:events:518:28)
	at MessagePortMain._internalPort.emit (node:electron/js2c/utility_init:2:3073)
2025-11-06 09:38:16.898 [info] Extension host with pid 3769 exiting with code 0
2025-11-06 09:38:17.751 [info] Extension host with pid 4002 started
2025-11-06 09:38:17.785 [info] ExtensionService#_doActivateExtension vscode.configuration-editing, startup: false, activationEvent: 'onLanguage:jsonc'
2025-11-06 09:38:17.801 [info] ExtensionService#_doActivateExtension vscode.json-language-features, startup: false, activationEvent: 'onLanguage:jsonc'
2025-11-06 09:38:17.860 [info] ExtensionService#_doActivateExtension vscode.typescript-language-features, startup: false, activationEvent: 'onLanguage:jsonc'
2025-11-06 09:38:17.910 [info] ExtensionService#_doActivateExtension vscode.emmet, startup: false, activationEvent: 'onLanguage'
2025-11-06 09:38:18.099 [info] ExtensionService#_doActivateExtension vscode.git-base, startup: true, activationEvent: '*', root cause: vscode.git
2025-11-06 09:38:18.101 [info] ExtensionService#_doActivateExtension mhutchie.git-graph, startup: true, activationEvent: '*'
2025-11-06 09:38:18.123 [info] ExtensionService#_doActivateExtension vscode.git, startup: true, activationEvent: '*'
2025-11-06 09:38:18.159 [info] ExtensionService#_doActivateExtension vscode.github, startup: true, activationEvent: '*'
2025-11-06 09:38:18.224 [info] Eager extensions activated
2025-11-06 09:38:18.225 [info] ExtensionService#_doActivateExtension vscode.debug-auto-launch, startup: false, activationEvent: 'onStartupFinished'
2025-11-06 09:38:18.228 [info] ExtensionService#_doActivateExtension vscode.merge-conflict, startup: false, activationEvent: 'onStartupFinished'
2025-11-06 09:38:18.244 [info] ExtensionService#_doActivateExtension eamodio.gitlens, startup: false, activationEvent: 'onStartupFinished'
2025-11-06 09:38:18.385 [info] ExtensionService#_doActivateExtension felipecaputo.git-project-manager, startup: false, activationEvent: 'onStartupFinished'
2025-11-06 09:38:18.512 [info] ExtensionService#_doActivateExtension vscode.github-authentication, startup: false, activationEvent: 'onAuthenticationRequest:github'
2025-11-06 09:42:54.140 [info] Extension host terminating: renderer closed the MessagePort
2025-11-06 09:42:54.156 [error] An error occurred when disposing the subscriptions for extension 'eamodio.gitlens':
2025-11-06 09:42:54.159 [error] TypeError: Cannot read properties of undefined (reading 'dispose')
	at Object.dispose (file:///usr/share/codium/resources/app/out/vs/workbench/api/node/extensionHostProcess.js:147:132281)
	at I_.<anonymous> (file:///usr/share/codium/resources/app/out/vs/workbench/api/node/extensionHostProcess.js:115:9945)
	at I_.dispose (file:///usr/share/codium/resources/app/out/vs/workbench/api/node/extensionHostProcess.js:115:10041)
	at Object.dispose (/home/hans/.vscode-oss/extensions/eamodio.gitlens-17.6.2-universal/dist/gitlens.js:2115:29269)
	at /home/hans/.vscode-oss/extensions/eamodio.gitlens-17.6.2-universal/dist/gitlens.js:2394:17196
	at Array.forEach (<anonymous>)
	at Object.dispose (/home/hans/.vscode-oss/extensions/eamodio.gitlens-17.6.2-universal/dist/gitlens.js:2394:17178)
	at Ei (file:///usr/share/codium/resources/app/out/vs/workbench/api/node/extensionHostProcess.js:25:746)
	at file:///usr/share/codium/resources/app/out/vs/workbench/api/node/extensionHostProcess.js:124:18462
	at file:///usr/share/codium/resources/app/out/vs/workbench/api/node/extensionHostProcess.js:25:1056
	at Object.dispose (file:///usr/share/codium/resources/app/out/vs/workbench/api/node/extensionHostProcess.js:8:705)
	at yJ._deactivate (file:///usr/share/codium/resources/app/out/vs/workbench/api/node/extensionHostProcess.js:124:14727)
	at file:///usr/share/codium/resources/app/out/vs/workbench/api/node/extensionHostProcess.js:124:12013
	at Array.map (<anonymous>)
	at yJ._deactivateAll (file:///usr/share/codium/resources/app/out/vs/workbench/api/node/extensionHostProcess.js:124:12001)
	at yJ.terminate (file:///usr/share/codium/resources/app/out/vs/workbench/api/node/extensionHostProcess.js:124:12354)
	at B9.terminate (file:///usr/share/codium/resources/app/out/vs/workbench/api/node/extensionHostProcess.js:126:1082)
	at ms (file:///usr/share/codium/resources/app/out/vs/workbench/api/node/extensionHostProcess.js:361:5320)
	at MessagePortMain.<anonymous> (file:///usr/share/codium/resources/app/out/vs/workbench/api/node/extensionHostProcess.js:361:1775)
	at MessagePortMain.emit (node:events:518:28)
	at MessagePortMain._internalPort.emit (node:electron/js2c/utility_init:2:3073)
2025-11-06 09:42:54.164 [info] Extension host with pid 4002 exiting with code 0
2025-11-06 09:42:55.205 [info] Extension host with pid 4992 started
2025-11-06 09:42:55.205 [info] Skipping acquiring lock for /home/hans/.config/VSCodium/User/workspaceStorage/f8349ca39b89d1536820940da4ffa2be.
2025-11-06 09:42:55.220 [info] ExtensionService#_doActivateExtension vscode.git-base, startup: true, activationEvent: '*'
2025-11-06 09:42:55.225 [info] ExtensionService#_doActivateExtension vscode.github, startup: true, activationEvent: '*'
2025-11-06 09:42:55.274 [info] Eager extensions activated
2025-11-06 09:42:55.276 [info] ExtensionService#_doActivateExtension vscode.debug-auto-launch, startup: false, activationEvent: 'onStartupFinished'
2025-11-06 09:42:55.279 [info] ExtensionService#_doActivateExtension vscode.merge-conflict, startup: false, activationEvent: 'onStartupFinished'
2025-11-06 09:42:55.296 [info] ExtensionService#_doActivateExtension eamodio.gitlens, startup: false, activationEvent: 'onStartupFinished'
2025-11-06 09:42:55.591 [info] ExtensionService#_doActivateExtension vscode.github-authentication, startup: false, activationEvent: 'onAuthenticationRequest:github'
2025-11-06 09:43:06.527 [info] ExtensionService#_doActivateExtension vscode.configuration-editing, startup: false, activationEvent: 'onLanguage:jsonc'
2025-11-06 09:43:06.551 [info] ExtensionService#_doActivateExtension vscode.json-language-features, startup: false, activationEvent: 'onLanguage:jsonc'
2025-11-06 09:43:06.668 [info] ExtensionService#_doActivateExtension vscode.typescript-language-features, startup: false, activationEvent: 'onLanguage:jsonc'
2025-11-06 09:43:06.717 [info] ExtensionService#_doActivateExtension vscode.emmet, startup: false, activationEvent: 'onLanguage'
2025-11-06 09:43:14.025 [info] ExtensionService#_doActivateExtension vscode.git, startup: false, activationEvent: 'api', root cause: vscode.github
2025-11-06 09:43:14.074 [info] ExtensionService#_doActivateExtension felipecaputo.git-project-manager, startup: false, activationEvent: 'onStartupFinished'
2025-11-06 09:43:14.088 [info] ExtensionService#_doActivateExtension mhutchie.git-graph, startup: false, activationEvent: '*'
2025-11-06 09:48:26.689 [info] ExtensionService#_doActivateExtension vscode.extension-editing, startup: false, activationEvent: 'onLanguage:markdown'
2025-11-06 09:48:26.702 [info] ExtensionService#_doActivateExtension vscode.markdown-language-features, startup: false, activationEvent: 'onLanguage:markdown'
2025-11-06 09:48:27.071 [info] ExtensionService#_doActivateExtension vscode.markdown-math, startup: false, activationEvent: 'api', root cause: vscode.markdown-language-features
2025-11-06 09:48:33.443 [warning] TextEditor is closed/disposed
2025-11-06 09:52:24.154 [info] ExtensionService#_doActivateExtension marp-team.marp-vscode, startup: false, activationEvent: 'api', root cause: vscode.markdown-language-features
2025-11-06 09:52:28.740 [info] ExtensionService#_doActivateExtension ritwickdey.LiveServer, startup: false, activationEvent: 'onStartupFinished'
2025-11-06 10:00:47.204 [info] Extension host terminating: renderer closed the MessagePort
2025-11-06 10:00:47.221 [error] An error occurred when disposing the subscriptions for extension 'eamodio.gitlens':
2025-11-06 10:00:47.223 [error] TypeError: Cannot read properties of undefined (reading 'dispose')
	at Object.dispose (file:///usr/share/codium/resources/app/out/vs/workbench/api/node/extensionHostProcess.js:147:132281)
	at I_.<anonymous> (file:///usr/share/codium/resources/app/out/vs/workbench/api/node/extensionHostProcess.js:115:9945)
	at I_.dispose (file:///usr/share/codium/resources/app/out/vs/workbench/api/node/extensionHostProcess.js:115:10041)
	at Object.dispose (/home/hans/.vscode-oss/extensions/eamodio.gitlens-17.6.2-universal/dist/gitlens.js:2115:29269)
	at /home/hans/.vscode-oss/extensions/eamodio.gitlens-17.6.2-universal/dist/gitlens.js:2394:17196
	at Array.forEach (<anonymous>)
	at Object.dispose (/home/hans/.vscode-oss/extensions/eamodio.gitlens-17.6.2-universal/dist/gitlens.js:2394:17178)
	at Ei (file:///usr/share/codium/resources/app/out/vs/workbench/api/node/extensionHostProcess.js:25:746)
	at file:///usr/share/codium/resources/app/out/vs/workbench/api/node/extensionHostProcess.js:124:18462
	at file:///usr/share/codium/resources/app/out/vs/workbench/api/node/extensionHostProcess.js:25:1056
	at Object.dispose (file:///usr/share/codium/resources/app/out/vs/workbench/api/node/extensionHostProcess.js:8:705)
	at yJ._deactivate (file:///usr/share/codium/resources/app/out/vs/workbench/api/node/extensionHostProcess.js:124:14727)
	at file:///usr/share/codium/resources/app/out/vs/workbench/api/node/extensionHostProcess.js:124:12013
	at Array.map (<anonymous>)
	at yJ._deactivateAll (file:///usr/share/codium/resources/app/out/vs/workbench/api/node/extensionHostProcess.js:124:12001)
	at yJ.terminate (file:///usr/share/codium/resources/app/out/vs/workbench/api/node/extensionHostProcess.js:124:12354)
	at B9.terminate (file:///usr/share/codium/resources/app/out/vs/workbench/api/node/extensionHostProcess.js:126:1082)
	at ms (file:///usr/share/codium/resources/app/out/vs/workbench/api/node/extensionHostProcess.js:361:5320)
	at MessagePortMain.<anonymous> (file:///usr/share/codium/resources/app/out/vs/workbench/api/node/extensionHostProcess.js:361:1775)
	at MessagePortMain.emit (node:events:518:28)
	at MessagePortMain._internalPort.emit (node:electron/js2c/utility_init:2:3073)
2025-11-06 10:00:47.226 [info] Extension host with pid 4992 exiting with code 0
