11/5/2025, 5:35:59 PM GMT+1 0: 

----------------------------------------------
11/5/2025, 5:35:59 PM GMT+1 1: Discord starting: {"releaseChannel":"stable","version":"0.0.113"}, modulepath: /home/hans/.config/discord/0.0.113/modules
11/5/2025, 5:35:59 PM GMT+1 2: ✅ webContents.created web1 "index.html"
11/5/2025, 5:35:59 PM GMT+1 3: ✅ window.created win1 "discord"
11/5/2025, 5:35:59 PM GMT+1 4: ✅ webContents.did-finish-load web1
11/5/2025, 5:36:06 PM GMT+1 5: ✅ webContents.created web2 ""
11/5/2025, 5:36:06 PM GMT+1 6: ✅ window.created win2 "Discord"
11/5/2025, 5:36:08 PM GMT+1 7: ✅ webContents.did-finish-load web2
11/5/2025, 5:36:08 PM GMT+1 8: window.close win1
11/5/2025, 5:36:08 PM GMT+1 9: webContents.destroyed web1
11/5/2025, 5:36:08 PM GMT+1 10: window.closed win1
11/5/2025, 5:52:52 PM GMT+1 0: 

----------------------------------------------
11/5/2025, 5:52:52 PM GMT+1 1: Discord starting: {"releaseChannel":"stable","version":"0.0.113"}, modulepath: /home/hans/.config/discord/0.0.113/modules
11/5/2025, 5:52:52 PM GMT+1 2: ✅ webContents.created web1 ""
11/5/2025, 5:52:52 PM GMT+1 3: ✅ window.created win1 "discord"
11/5/2025, 5:52:53 PM GMT+1 4: ✅ webContents.did-finish-load web1
11/5/2025, 5:52:53 PM GMT+1 5: ✅ webContents.created web2 ""
11/5/2025, 5:52:53 PM GMT+1 6: ✅ window.created win2 "Discord"
11/5/2025, 5:52:54 PM GMT+1 7: ✅ webContents.did-finish-load web2
11/5/2025, 5:52:55 PM GMT+1 8: window.close win1
11/5/2025, 5:52:55 PM GMT+1 9: webContents.destroyed web1
11/5/2025, 5:52:55 PM GMT+1 10: window.closed win1
11/5/2025, 5:55:06 PM GMT+1 11: before-quit
11/5/2025, 5:55:06 PM GMT+1 12: window.close win2
11/5/2025, 5:55:06 PM GMT+1 13: webContents.destroyed web2
11/5/2025, 5:55:11 PM GMT+1 0: 

----------------------------------------------
11/5/2025, 5:55:11 PM GMT+1 1: Discord starting: {"releaseChannel":"stable","version":"0.0.113"}, modulepath: /home/hans/.config/discord/0.0.113/modules
11/5/2025, 5:55:12 PM GMT+1 2: ✅ webContents.created web1 "index.html"
11/5/2025, 5:55:12 PM GMT+1 3: ✅ window.created win1 "discord"
11/5/2025, 5:55:12 PM GMT+1 4: ✅ webContents.did-finish-load web1
11/5/2025, 5:55:12 PM GMT+1 5: ✅ webContents.created web2 ""
11/5/2025, 5:55:12 PM GMT+1 6: ✅ window.created win2 "Discord"
11/5/2025, 5:55:13 PM GMT+1 7: ✅ webContents.did-finish-load web2
11/5/2025, 5:55:14 PM GMT+1 8: window.close win1
11/5/2025, 5:55:14 PM GMT+1 9: webContents.destroyed web1
11/5/2025, 5:55:14 PM GMT+1 10: window.closed win1
11/5/2025, 5:55:16 PM GMT+1 11: ✅ webContents.did-finish-load web2
11/5/2025, 6:17:05 PM GMT+1 12: window.close win2
11/5/2025, 6:39:42 PM GMT+1 13: before-quit
11/5/2025, 6:41:19 PM GMT+1 0: 

----------------------------------------------
11/5/2025, 6:41:19 PM GMT+1 1: Discord starting: {"releaseChannel":"stable","version":"0.0.113"}, modulepath: /home/hans/.config/discord/0.0.113/modules
11/5/2025, 6:41:19 PM GMT+1 2: ✅ webContents.created web1 ""
11/5/2025, 6:41:19 PM GMT+1 3: ✅ window.created win1 "discord"
11/5/2025, 6:41:19 PM GMT+1 4: ✅ webContents.did-finish-load web1
11/5/2025, 6:41:20 PM GMT+1 5: ✅ webContents.created web2 ""
11/5/2025, 6:41:20 PM GMT+1 6: ✅ window.created win2 "Discord"
11/5/2025, 6:41:21 PM GMT+1 7: ✅ webContents.did-finish-load web2
11/5/2025, 6:41:21 PM GMT+1 8: window.close win1
11/5/2025, 6:41:22 PM GMT+1 9: webContents.destroyed web1
11/5/2025, 6:41:22 PM GMT+1 10: window.closed win1
11/5/2025, 7:01:31 PM GMT+1 11: before-quit
11/5/2025, 7:01:31 PM GMT+1 12: window.close win2
11/5/2025, 9:58:19 PM GMT+1 0: 

----------------------------------------------
11/5/2025, 9:58:19 PM GMT+1 1: Discord starting: {"releaseChannel":"stable","version":"0.0.113"}, modulepath: /home/hans/.config/discord/0.0.113/modules
11/5/2025, 9:58:19 PM GMT+1 2: ✅ webContents.created web1 ""
11/5/2025, 9:58:19 PM GMT+1 3: ✅ window.created win1 "discord"
11/5/2025, 9:58:19 PM GMT+1 4: ✅ webContents.did-finish-load web1
11/5/2025, 9:58:20 PM GMT+1 5: ✅ webContents.created web2 ""
11/5/2025, 9:58:20 PM GMT+1 6: ✅ window.created win2 "Discord"
11/5/2025, 9:58:21 PM GMT+1 7: ✅ webContents.did-finish-load web2
11/5/2025, 9:58:22 PM GMT+1 8: window.close win1
11/5/2025, 9:58:22 PM GMT+1 9: webContents.destroyed web1
11/5/2025, 9:58:22 PM GMT+1 10: window.closed win1
11/5/2025, 9:59:10 PM GMT+1 11: before-quit
11/5/2025, 9:59:10 PM GMT+1 12: window.close win2
11/5/2025, 9:59:10 PM GMT+1 13: webContents.destroyed web2
11/5/2025, 9:59:32 PM GMT+1 0: 

----------------------------------------------
11/5/2025, 9:59:32 PM GMT+1 1: Discord starting: {"releaseChannel":"stable","version":"0.0.113"}, modulepath: /home/hans/.config/discord/0.0.113/modules
11/5/2025, 9:59:32 PM GMT+1 2: ✅ webContents.created web1 "index.html"
11/5/2025, 9:59:32 PM GMT+1 3: ✅ window.created win1 "discord"
11/5/2025, 9:59:32 PM GMT+1 4: ✅ webContents.did-finish-load web1
11/5/2025, 9:59:32 PM GMT+1 5: ✅ webContents.created web2 ""
11/5/2025, 9:59:32 PM GMT+1 6: ✅ window.created win2 "Discord"
11/5/2025, 9:59:33 PM GMT+1 7: ✅ webContents.did-finish-load web2
11/5/2025, 9:59:34 PM GMT+1 8: window.close win1
11/5/2025, 9:59:34 PM GMT+1 9: webContents.destroyed web1
11/5/2025, 9:59:34 PM GMT+1 10: window.closed win1
11/5/2025, 10:11:02 PM GMT+1 11: before-quit
11/5/2025, 10:11:02 PM GMT+1 12: window.close win2
