2025-11-06 10:26:18.490 [info] [main] Log level: Info
2025-11-06 10:26:18.490 [info] [main] Validating found git in: "git"
2025-11-06 10:26:18.490 [info] [main] Using git "2.51.0" from "git"
2025-11-06 10:26:18.490 [info] [Model][doInitialScan] Initial repository scan started
2025-11-06 10:26:18.490 [info] > git rev-parse --show-toplevel [41ms]
2025-11-06 10:26:18.490 [info] > git rev-parse --git-dir --git-common-dir [528ms]
2025-11-06 10:26:18.490 [info] [Model][openRepository] Opened repository (path): /home/hans/Documents/School
2025-11-06 10:26:18.490 [info] [Model][openRepository] Opened repository (real path): /home/hans/Documents/School
2025-11-06 10:26:18.599 [info] > git rev-parse --show-toplevel [85ms]
2025-11-06 10:26:18.600 [info] > git config --get commit.template [98ms]
2025-11-06 10:26:18.686 [info] > git for-each-ref --format=%(refname)%00%(upstream:short)%00%(objectname)%00%(upstream:track)%00%(upstream:remotename)%00%(upstream:remoteref) refs/heads/main refs/remotes/main [16ms]
2025-11-06 10:26:18.777 [info] > git status -z -uall [11ms]
2025-11-06 10:26:18.777 [info] > git for-each-ref --sort -committerdate --format %(refname)%00%(objectname)%00%(*objectname) [4ms]
2025-11-06 10:26:18.806 [info] > git rev-parse --show-toplevel [49ms]
2025-11-06 10:26:18.820 [info] > git for-each-ref --format=%(refname)%00%(upstream:short)%00%(objectname)%00%(upstream:track)%00%(upstream:remotename)%00%(upstream:remoteref) refs/heads/main refs/remotes/main [17ms]
2025-11-06 10:26:18.830 [info] > git config --get --local branch.main.vscode-merge-base [3ms]
2025-11-06 10:26:18.837 [info] > git rev-parse --show-toplevel [18ms]
2025-11-06 10:26:18.838 [info] > git config --get commit.template [24ms]
2025-11-06 10:26:18.847 [info] > git for-each-ref --format=%(refname)%00%(upstream:short)%00%(objectname)%00%(upstream:track)%00%(upstream:remotename)%00%(upstream:remoteref) refs/heads/origin/main refs/remotes/origin/main [10ms]
2025-11-06 10:26:18.863 [info] > git rev-parse --show-toplevel [17ms]
2025-11-06 10:26:18.871 [info] > git merge-base refs/heads/main refs/remotes/origin/main [17ms]
2025-11-06 10:26:18.882 [info] > git diff --name-status -z --diff-filter=ADMR 2c65a93dc072068982480a441e30c2b0b828b407...refs/remotes/origin/main [4ms]
2025-11-06 10:26:18.883 [info] > git rev-parse --show-toplevel [12ms]
2025-11-06 10:26:18.883 [info] > git for-each-ref --format=%(refname)%00%(upstream:short)%00%(objectname)%00%(upstream:track)%00%(upstream:remotename)%00%(upstream:remoteref) refs/heads/main refs/remotes/main [20ms]
2025-11-06 10:26:18.920 [info] > git rev-parse --show-toplevel [29ms]
2025-11-06 10:26:18.942 [info] > git status -z -uall [7ms]
2025-11-06 10:26:18.942 [info] > git rev-parse --show-toplevel [16ms]
2025-11-06 10:26:18.997 [info] > git for-each-ref --sort -committerdate --format %(refname)%00%(objectname)%00%(*objectname) [56ms]
2025-11-06 10:26:19.002 [info] > git rev-parse --show-toplevel [7ms]
2025-11-06 10:26:19.016 [info] > git rev-parse --show-toplevel [7ms]
2025-11-06 10:26:19.027 [info] > git rev-parse --show-toplevel [5ms]
2025-11-06 10:26:19.036 [info] > git rev-parse --show-toplevel [1ms]
2025-11-06 10:26:19.044 [info] > git rev-parse --show-toplevel [2ms]
2025-11-06 10:26:19.045 [info] [Model][doInitialScan] Initial repository scan completed - repositories (1), closed repositories (0), parent repositories (0), unsafe repositories (0)
2025-11-06 10:26:19.074 [info] > git show --textconv :Presentations/MarketingProdukt/StagePoint.md [22ms]
2025-11-06 10:26:19.074 [info] > git ls-files --stage -- Presentations/MarketingProdukt/StagePoint.md [16ms]
2025-11-06 10:26:19.083 [info] > git check-ignore -v -z --stdin [10ms]
2025-11-06 10:26:19.084 [info] > git cat-file -s fc82378f261e079604d97fe7c2d153e49ebb7f67 [4ms]
2025-11-06 10:26:19.107 [info] > git blame --root --incremental 2c65a93dc072068982480a441e30c2b0b828b407 -- Presentations/MarketingProdukt/StagePoint.md [2ms]
2025-11-06 10:26:34.414 [info] > git fetch [861ms]
2025-11-06 10:26:34.426 [info] > git config --get commit.template [2ms]
2025-11-06 10:26:34.439 [info] > git for-each-ref --format=%(refname)%00%(upstream:short)%00%(objectname)%00%(upstream:track)%00%(upstream:remotename)%00%(upstream:remoteref) refs/heads/main refs/remotes/main [2ms]
2025-11-06 10:26:34.456 [info] > git status -z -uall [9ms]
2025-11-06 10:26:34.457 [info] > git for-each-ref --sort -committerdate --format %(refname)%00%(objectname)%00%(*objectname) [2ms]
2025-11-06 10:26:35.504 [info] > git config --get commit.template [8ms]
2025-11-06 10:26:35.505 [info] > git for-each-ref --format=%(refname)%00%(upstream:short)%00%(objectname)%00%(upstream:track)%00%(upstream:remotename)%00%(upstream:remoteref) refs/heads/main refs/remotes/main [2ms]
2025-11-06 10:26:35.520 [info] > git status -z -uall [8ms]
2025-11-06 10:26:35.521 [info] > git for-each-ref --sort -committerdate --format %(refname)%00%(objectname)%00%(*objectname) [1ms]
2025-11-06 10:26:35.599 [info] > git ls-files --stage -- Presentations/MarketingProdukt/StagePoint.md [2ms]
2025-11-06 10:26:35.606 [info] > git cat-file -s fc82378f261e079604d97fe7c2d153e49ebb7f67 [2ms]
2025-11-06 10:26:35.615 [info] > git show --textconv :Presentations/MarketingProdukt/StagePoint.md [2ms]
2025-11-06 10:30:27.253 [info] > git fetch [476ms]
2025-11-06 10:30:27.274 [info] > git config --get commit.template [4ms]
2025-11-06 10:30:27.292 [info] > git for-each-ref --format=%(refname)%00%(upstream:short)%00%(objectname)%00%(upstream:track)%00%(upstream:remotename)%00%(upstream:remoteref) refs/heads/main refs/remotes/main [3ms]
2025-11-06 10:30:27.309 [info] > git status -z -uall [9ms]
2025-11-06 10:30:27.310 [info] > git for-each-ref --sort -committerdate --format %(refname)%00%(objectname)%00%(*objectname) [1ms]
2025-11-06 10:30:28.536 [info] > git config --get commit.template [2ms]
2025-11-06 10:30:28.556 [info] > git for-each-ref --format=%(refname)%00%(upstream:short)%00%(objectname)%00%(upstream:track)%00%(upstream:remotename)%00%(upstream:remoteref) refs/heads/main refs/remotes/main [11ms]
2025-11-06 10:30:28.574 [info] > git status -z -uall [9ms]
2025-11-06 10:30:28.575 [info] > git ls-files --stage -- Presentations/MarketingProdukt/StagePoint.md [20ms]
2025-11-06 10:30:28.585 [info] > git for-each-ref --sort -committerdate --format %(refname)%00%(objectname)%00%(*objectname) [12ms]
2025-11-06 10:30:28.588 [info] > git cat-file -s fc82378f261e079604d97fe7c2d153e49ebb7f67 [5ms]
2025-11-06 10:30:28.601 [info] > git show --textconv :Presentations/MarketingProdukt/StagePoint.md [3ms]
2025-11-06 10:35:42.081 [info] > git fetch [976ms]
2025-11-06 10:35:42.106 [info] > git config --get commit.template [8ms]
2025-11-06 10:35:42.107 [info] > git for-each-ref --format=%(refname)%00%(upstream:short)%00%(objectname)%00%(upstream:track)%00%(upstream:remotename)%00%(upstream:remoteref) refs/heads/main refs/remotes/main [1ms]
2025-11-06 10:35:42.122 [info] > git status -z -uall [8ms]
2025-11-06 10:35:42.123 [info] > git for-each-ref --sort -committerdate --format %(refname)%00%(objectname)%00%(*objectname) [1ms]
2025-11-06 10:35:43.156 [info] > git config --get commit.template [7ms]
2025-11-06 10:35:43.157 [info] > git for-each-ref --format=%(refname)%00%(upstream:short)%00%(objectname)%00%(upstream:track)%00%(upstream:remotename)%00%(upstream:remoteref) refs/heads/main refs/remotes/main [1ms]
2025-11-06 10:35:43.169 [info] > git status -z -uall [6ms]
2025-11-06 10:35:43.170 [info] > git for-each-ref --sort -committerdate --format %(refname)%00%(objectname)%00%(*objectname) [1ms]
2025-11-06 10:35:43.268 [info] > git ls-files --stage -- Presentations/MarketingProdukt/StagePoint.md [5ms]
2025-11-06 10:35:43.284 [info] > git cat-file -s fc82378f261e079604d97fe7c2d153e49ebb7f67 [1ms]
2025-11-06 10:35:43.294 [info] > git show --textconv :Presentations/MarketingProdukt/StagePoint.md [2ms]
