2025-11-06 01:06:33.327 [info] Reading sessions from keychain...
2025-11-06 01:06:33.327 [info] Getting sessions for all scopes...
2025-11-06 01:06:33.327 [info] Got 0 sessions for ...
2025-11-06 01:06:33.327 [info] Getting sessions for all scopes...
2025-11-06 01:06:33.327 [info] Got 0 sessions for ...
2025-11-06 01:06:33.327 [info] Getting sessions for all scopes...
2025-11-06 01:06:33.327 [info] Got 0 sessions for ...
2025-11-06 01:06:33.343 [info] Getting sessions for read:user,repo,user:email...
2025-11-06 01:06:33.344 [info] Got 0 sessions for read:user,repo,user:email...
2025-11-06 01:06:33.365 [info] Getting sessions for read:user,repo,user:email...
2025-11-06 01:06:33.365 [info] Got 0 sessions for read:user,repo,user:email...
2025-11-06 01:09:20.367 [info] Getting sessions for read:user,repo,user:email,workflow...
2025-11-06 01:09:20.367 [info] Got 0 sessions for read:user,repo,user:email,workflow...
2025-11-06 01:09:21.583 [info] Logging in with 'any' account...
2025-11-06 01:09:21.583 [info] Logging in for the following scopes: read:user repo user:email workflow
2025-11-06 01:09:21.587 [info] Trying device code flow... (read:user repo user:email workflow)
2025-11-06 01:11:13.046 [info] Getting user info...
2025-11-06 01:11:13.379 [info] Got account info!
2025-11-06 01:11:13.380 [info] Storing 1 sessions...
2025-11-06 01:11:16.650 [info] Reading sessions from keychain...
2025-11-06 01:11:16.650 [info] Stored 1 sessions!
2025-11-06 01:11:16.650 [info] Login success!
2025-11-06 01:11:16.655 [info] Got stored sessions!
2025-11-06 01:11:16.655 [info] Got 1 verified sessions.
2025-11-06 01:11:16.656 [info] Getting sessions for read:user,repo,user:email...
2025-11-06 01:11:16.656 [info] Got 0 sessions for read:user,repo,user:email...
2025-11-06 01:11:16.694 [info] Getting sessions for read:user,repo,user:email...
2025-11-06 01:11:16.694 [info] Got 0 sessions for read:user,repo,user:email...
2025-11-06 01:11:16.695 [info] Getting sessions for read:user,repo,user:email...
2025-11-06 01:11:16.695 [info] Got 0 sessions for read:user,repo,user:email...
2025-11-06 01:11:16.696 [info] Getting sessions for read:user,repo,user:email...
2025-11-06 01:11:16.696 [info] Got 0 sessions for read:user,repo,user:email...
2025-11-06 01:11:16.697 [info] Getting sessions for read:user,repo,user:email...
2025-11-06 01:11:16.697 [info] Got 0 sessions for read:user,repo,user:email...
2025-11-06 01:11:27.601 [info] Reading sessions from keychain...
2025-11-06 01:11:27.601 [info] Getting sessions for all scopes...
2025-11-06 01:11:27.601 [info] Getting sessions for all scopes...
2025-11-06 01:11:27.601 [info] Getting sessions for all scopes...
2025-11-06 01:11:27.601 [info] Got stored sessions!
2025-11-06 01:11:27.601 [info] Got 1 verified sessions.
2025-11-06 01:11:27.601 [info] Got 1 sessions for ...
2025-11-06 01:11:27.601 [info] Got 1 sessions for ...
2025-11-06 01:11:27.601 [info] Got 1 sessions for ...
2025-11-06 01:11:27.605 [info] Getting sessions for read:user,repo,user:email...
2025-11-06 01:11:27.605 [info] Got 0 sessions for read:user,repo,user:email...
2025-11-06 01:11:29.020 [info] Getting sessions for all scopes...
2025-11-06 01:11:29.020 [info] Got 1 sessions for ...
2025-11-06 01:11:29.520 [info] Getting sessions for read:user,repo,user:email...
2025-11-06 01:11:29.520 [info] Got 0 sessions for read:user,repo,user:email...
2025-11-06 01:11:29.713 [info] Getting sessions for read:user,repo,user:email,workflow...
2025-11-06 01:11:29.713 [info] Got 1 sessions for read:user,repo,user:email,workflow...
2025-11-06 01:11:29.938 [info] Getting sessions for read:user,repo,user:email...
2025-11-06 01:11:29.938 [info] Got 0 sessions for read:user,repo,user:email...
2025-11-06 01:13:31.208 [info] Getting sessions for read:user,repo,user:email,workflow...
2025-11-06 01:13:31.208 [info] Got 1 sessions for read:user,repo,user:email,workflow...
2025-11-06 01:15:21.804 [info] Getting sessions for read:user,repo,user:email...
2025-11-06 01:15:21.804 [info] Got 0 sessions for read:user,repo,user:email...
